<?xml version="1.0" encoding="UTF-8"?>
<!-- Generated by org.testng.reporters.JUnitReportReporter -->
<testsuite hostname="shiningjin" failures="0" tests="1" name="org.shark.boot02.ApplicationTests" time="0.727" errors="0" timestamp="2025-09-15T17:28:22 KST" skipped="0">
  <testcase classname="org.shark.boot02.ApplicationTests" name="boardListTest" time="0.727"/>
</testsuite> <!-- org.shark.boot02.ApplicationTests -->
